<?xml version="1.0" encoding="UTF-8"?>
<testng-results ignored="0" total="1" passed="1" failed="0" skipped="0">
  <reporter-output>
  </reporter-output>
  <suite started-at="2022-12-07T09:32:04 AMT" name="Default suite" finished-at="2022-12-07T09:32:30 AMT" duration-ms="25761">
    <groups>
    </groups>
    <test started-at="2022-12-07T09:32:04 AMT" name="Default test" finished-at="2022-12-07T09:32:30 AMT" duration-ms="25761">
      <class name="com.repostapp.abastecimiento.TestNG.RealizarSolicitud">
        <test-method is-config="true" signature="beforeClass()[pri:0, instance:com.repostapp.abastecimiento.TestNG.RealizarSolicitud@6771beb3]" started-at="2022-12-07T09:32:04 AMT" name="beforeClass" finished-at="2022-12-07T09:32:08 AMT" duration-ms="4061" status="PASS">
          <reporter-output>
          </reporter-output>
        </test-method> <!-- beforeClass -->
        <test-method signature="test1()[pri:0, instance:com.repostapp.abastecimiento.TestNG.RealizarSolicitud@6771beb3]" started-at="2022-12-07T09:32:08 AMT" name="test1" finished-at="2022-12-07T09:32:30 AMT" duration-ms="21286" status="PASS">
          <reporter-output>
          </reporter-output>
        </test-method> <!-- test1 -->
        <test-method is-config="true" signature="afterClass()[pri:0, instance:com.repostapp.abastecimiento.TestNG.RealizarSolicitud@6771beb3]" started-at="2022-12-07T09:32:30 AMT" name="afterClass" finished-at="2022-12-07T09:32:30 AMT" duration-ms="331" status="PASS">
          <reporter-output>
          </reporter-output>
        </test-method> <!-- afterClass -->
      </class> <!-- com.repostapp.abastecimiento.TestNG.RealizarSolicitud -->
    </test> <!-- Default test -->
  </suite> <!-- Default suite -->
</testng-results>
