<?xml version="1.0" encoding="UTF-8"?>
<testng-results ignored="0" total="1" passed="1" failed="0" skipped="0">
  <reporter-output>
  </reporter-output>
  <suite started-at="2022-11-02T14:05:18 AMT" name="Default suite" finished-at="2022-11-02T14:05:47 AMT" duration-ms="28469">
    <groups>
    </groups>
    <test started-at="2022-11-02T14:05:18 AMT" name="Default test" finished-at="2022-11-02T14:05:47 AMT" duration-ms="28469">
      <class name="com.repostapp.abastecimiento.TestNG.RealizarSolicitud">
        <test-method is-config="true" signature="beforeClass()[pri:0, instance:com.repostapp.abastecimiento.TestNG.RealizarSolicitud@30c15d8b]" started-at="2022-11-02T14:05:18 AMT" name="beforeClass" finished-at="2022-11-02T14:05:26 AMT" duration-ms="8116" status="PASS">
          <reporter-output>
          </reporter-output>
        </test-method> <!-- beforeClass -->
        <test-method signature="test1()[pri:0, instance:com.repostapp.abastecimiento.TestNG.RealizarSolicitud@30c15d8b]" started-at="2022-11-02T14:05:26 AMT" name="test1" finished-at="2022-11-02T14:05:47 AMT" duration-ms="20301" status="PASS">
          <reporter-output>
          </reporter-output>
        </test-method> <!-- test1 -->
        <test-method is-config="true" signature="afterClass()[pri:0, instance:com.repostapp.abastecimiento.TestNG.RealizarSolicitud@30c15d8b]" started-at="2022-11-02T14:05:47 AMT" name="afterClass" finished-at="2022-11-02T14:05:47 AMT" duration-ms="0" status="PASS">
          <reporter-output>
          </reporter-output>
        </test-method> <!-- afterClass -->
      </class> <!-- com.repostapp.abastecimiento.TestNG.RealizarSolicitud -->
    </test> <!-- Default test -->
  </suite> <!-- Default suite -->
</testng-results>
